<?xml version="1.0" encoding="UTF-8"?>
<!-- Generated by org.testng.reporters.JUnitXMLReporter -->
<testsuite ignored="0" hostname="DESKTOP-HB6S9PF" failures="0" tests="3" name="Test1" time="112.298" errors="0" timestamp="2022-07-31T17:02:56 IST">
  <testcase classname="com.test.ForgotPassword" name="forgot" time="1.202"/>
  <testcase classname="com.test.LogIntest" name="logInValidCradentials" time="0.825"/>
  <testcase classname="com.test.SignUpTest" name="accountCreat" time="1.299"/>
</testsuite> <!-- Test1 -->
