<?xml version="1.0" encoding="UTF-8"?>
<testng-results ignored="0" total="3" passed="3" failed="0" skipped="0">
  <reporter-output>
  </reporter-output>
  <suite started-at="2022-07-31T17:01:04 IST" name="ForgotPass" finished-at="2022-07-31T17:02:56 IST" duration-ms="112298">
    <groups>
    </groups>
    <test started-at="2022-07-31T17:01:04 IST" name="Test1" finished-at="2022-07-31T17:02:56 IST" duration-ms="112298">
      <class name="com.test.ForgotPassword">
        <test-method is-config="true" signature="BM(java.lang.String)[pri:0, instance:com.test.ForgotPassword@3e8c3cb]" started-at="2022-07-31T17:01:04 IST" name="BM" finished-at="2022-07-31T17:02:10 IST" duration-ms="66321" status="PASS">
          <params>
            <param index="0">
              <value>
                <![CDATA[Chrome]]>
              </value>
            </param>
          </params>
          <reporter-output>
          </reporter-output>
        </test-method> <!-- BM -->
        <test-method signature="forgot()[pri:0, instance:com.test.ForgotPassword@3e8c3cb]" started-at="2022-07-31T17:02:10 IST" name="forgot" finished-at="2022-07-31T17:02:11 IST" duration-ms="1202" status="PASS">
          <reporter-output>
          </reporter-output>
        </test-method> <!-- forgot -->
        <test-method is-config="true" signature="AM()[pri:0, instance:com.test.ForgotPassword@3e8c3cb]" started-at="2022-07-31T17:02:11 IST" name="AM" finished-at="2022-07-31T17:02:12 IST" duration-ms="455" status="PASS">
          <reporter-output>
          </reporter-output>
        </test-method> <!-- AM -->
      </class> <!-- com.test.ForgotPassword -->
      <class name="com.test.SignUpTest">
        <test-method is-config="true" signature="BM(java.lang.String)[pri:0, instance:com.test.SignUpTest@645aa696]" started-at="2022-07-31T17:02:40 IST" name="BM" finished-at="2022-07-31T17:02:54 IST" duration-ms="14081" status="PASS">
          <params>
            <param index="0">
              <value>
                <![CDATA[Chrome]]>
              </value>
            </param>
          </params>
          <reporter-output>
          </reporter-output>
        </test-method> <!-- BM -->
        <test-method signature="accountCreat()[pri:0, instance:com.test.SignUpTest@645aa696]" started-at="2022-07-31T17:02:54 IST" name="accountCreat" finished-at="2022-07-31T17:02:56 IST" duration-ms="1299" status="PASS">
          <reporter-output>
          </reporter-output>
        </test-method> <!-- accountCreat -->
        <test-method is-config="true" signature="AM()[pri:0, instance:com.test.SignUpTest@645aa696]" started-at="2022-07-31T17:02:56 IST" name="AM" finished-at="2022-07-31T17:02:56 IST" duration-ms="417" status="PASS">
          <reporter-output>
          </reporter-output>
        </test-method> <!-- AM -->
      </class> <!-- com.test.SignUpTest -->
      <class name="com.test.LogIntest">
        <test-method is-config="true" signature="BM(java.lang.String)[pri:0, instance:com.test.LogIntest@5b218417]" started-at="2022-07-31T17:02:12 IST" name="BM" finished-at="2022-07-31T17:02:39 IST" duration-ms="27014" status="PASS">
          <params>
            <param index="0">
              <value>
                <![CDATA[Chrome]]>
              </value>
            </param>
          </params>
          <reporter-output>
          </reporter-output>
        </test-method> <!-- BM -->
        <test-method signature="logInValidCradentials()[pri:0, instance:com.test.LogIntest@5b218417]" started-at="2022-07-31T17:02:39 IST" name="logInValidCradentials" finished-at="2022-07-31T17:02:40 IST" duration-ms="825" status="PASS">
          <reporter-output>
          </reporter-output>
        </test-method> <!-- logInValidCradentials -->
        <test-method is-config="true" signature="AM()[pri:0, instance:com.test.LogIntest@5b218417]" started-at="2022-07-31T17:02:40 IST" name="AM" finished-at="2022-07-31T17:02:40 IST" duration-ms="530" status="PASS">
          <reporter-output>
          </reporter-output>
        </test-method> <!-- AM -->
      </class> <!-- com.test.LogIntest -->
    </test> <!-- Test1 -->
  </suite> <!-- ForgotPass -->
</testng-results>
